<?xml version="1.0" encoding="UTF-8"?>
<!-- Generated by org.testng.reporters.JUnitXMLReporter -->
<testsuite hostname="MNCTVN05582" failures="0" tests="4" name="Default test" time="29.119" errors="0" timestamp="26 Mar 2021 14:39:07 GMT">
  <testcase classname="testcases.TestPosts" name="dataType" time="13.864"/>
  <testcase classname="testcases.TestPosts" name="dataInput" time="4.342"/>
  <testcase classname="testcases.TestPosts" name="dataInput" time="3.639"/>
  <testcase classname="testcases.TestPosts" name="dataInput" time="3.571"/>
</testsuite> <!-- Default test -->
