<?xml version="1.0" encoding="UTF-8"?>
<testng-results total="4" passed="4" failed="0" skipped="0">
  <reporter-output>
  </reporter-output>
  <suite started-at="2021-03-26T14:38:37Z" name="Default suite" finished-at="2021-03-26T14:39:06Z" duration-ms="29119">
    <groups>
    </groups>
    <test started-at="2021-03-26T14:38:37Z" name="Default test" finished-at="2021-03-26T14:39:06Z" duration-ms="29119">
      <class name="testcases.TestPosts">
        <test-method is-config="true" signature="set()[pri:0, instance:testcases.TestPosts@38704ff0]" started-at="2021-03-26T21:38:37Z" name="set" finished-at="2021-03-26T21:38:39Z" duration-ms="1424" status="PASS">
          <reporter-output>
          </reporter-output>
        </test-method> <!-- set -->
        <test-method signature="dataType()[pri:0, instance:testcases.TestPosts@38704ff0]" started-at="2021-03-26T21:38:39Z" name="dataType" finished-at="2021-03-26T21:38:53Z" duration-ms="13864" status="PASS">
          <reporter-output>
          </reporter-output>
        </test-method> <!-- dataType -->
        <test-method is-config="true" signature="down()[pri:0, instance:testcases.TestPosts@38704ff0]" started-at="2021-03-26T21:38:53Z" name="down" finished-at="2021-03-26T21:38:53Z" duration-ms="7" status="PASS">
          <reporter-output>
          </reporter-output>
        </test-method> <!-- down -->
        <test-method is-config="true" signature="set()[pri:0, instance:testcases.TestPosts@38704ff0]" started-at="2021-03-26T21:38:55Z" name="set" finished-at="2021-03-26T21:38:55Z" duration-ms="3" status="PASS">
          <reporter-output>
          </reporter-output>
        </test-method> <!-- set -->
        <test-method signature="dataInput(java.lang.String, java.lang.String, java.lang.String)[pri:1, instance:testcases.TestPosts@38704ff0]" started-at="2021-03-26T21:38:55Z" name="dataInput" data-provider="postsData" finished-at="2021-03-26T21:38:59Z" duration-ms="4342" status="PASS">
          <params>
            <param index="0">
              <value>
                <![CDATA[recommendation]]>
              </value>
            </param>
            <param index="1">
              <value>
                <![CDATA[motorcycle]]>
              </value>
            </param>
            <param index="2">
              <value>
                <![CDATA[12]]>
              </value>
            </param>
          </params>
          <reporter-output>
          </reporter-output>
        </test-method> <!-- dataInput -->
        <test-method is-config="true" signature="down()[pri:0, instance:testcases.TestPosts@38704ff0]" started-at="2021-03-26T21:38:59Z" name="down" finished-at="2021-03-26T21:38:59Z" duration-ms="4" status="PASS">
          <reporter-output>
          </reporter-output>
        </test-method> <!-- down -->
        <test-method is-config="true" signature="set()[pri:0, instance:testcases.TestPosts@38704ff0]" started-at="2021-03-26T21:38:59Z" name="set" finished-at="2021-03-26T21:38:59Z" duration-ms="66" status="PASS">
          <reporter-output>
          </reporter-output>
        </test-method> <!-- set -->
        <test-method signature="dataInput(java.lang.String, java.lang.String, java.lang.String)[pri:1, instance:testcases.TestPosts@38704ff0]" started-at="2021-03-26T21:38:59Z" name="dataInput" data-provider="postsData" finished-at="2021-03-26T21:39:03Z" duration-ms="3639" status="PASS">
          <params>
            <param index="0">
              <value>
                <![CDATA[recommendation2]]>
              </value>
            </param>
            <param index="1">
              <value>
                <![CDATA[car]]>
              </value>
            </param>
            <param index="2">
              <value>
                <![CDATA[12]]>
              </value>
            </param>
          </params>
          <reporter-output>
          </reporter-output>
        </test-method> <!-- dataInput -->
        <test-method is-config="true" signature="down()[pri:0, instance:testcases.TestPosts@38704ff0]" started-at="2021-03-26T21:39:03Z" name="down" finished-at="2021-03-26T21:39:03Z" duration-ms="6" status="PASS">
          <reporter-output>
          </reporter-output>
        </test-method> <!-- down -->
        <test-method is-config="true" signature="set()[pri:0, instance:testcases.TestPosts@38704ff0]" started-at="2021-03-26T21:39:03Z" name="set" finished-at="2021-03-26T21:39:03Z" duration-ms="5" status="PASS">
          <reporter-output>
          </reporter-output>
        </test-method> <!-- set -->
        <test-method signature="dataInput(java.lang.String, java.lang.String, java.lang.String)[pri:1, instance:testcases.TestPosts@38704ff0]" started-at="2021-03-26T21:39:03Z" name="dataInput" data-provider="postsData" finished-at="2021-03-26T21:39:06Z" duration-ms="3571" status="PASS">
          <params>
            <param index="0">
              <value>
                <![CDATA[recommendation3]]>
              </value>
            </param>
            <param index="1">
              <value>
                <![CDATA[Bycycle]]>
              </value>
            </param>
            <param index="2">
              <value>
                <![CDATA[12]]>
              </value>
            </param>
          </params>
          <reporter-output>
          </reporter-output>
        </test-method> <!-- dataInput -->
        <test-method is-config="true" signature="down()[pri:0, instance:testcases.TestPosts@38704ff0]" started-at="2021-03-26T21:39:06Z" name="down" finished-at="2021-03-26T21:39:06Z" duration-ms="2" status="PASS">
          <reporter-output>
          </reporter-output>
        </test-method> <!-- down -->
      </class> <!-- testcases.TestPosts -->
    </test> <!-- Default test -->
  </suite> <!-- Default suite -->
</testng-results>
